<?xml version="1.0" encoding="UTF-8"?>
<!-- Generated by org.testng.reporters.JUnitXMLReporter -->
<testsuite ignored="3" hostname="LAPTOP-RB8GKPRQ" failures="1" tests="3" name="functional test " time="35.964" errors="0" timestamp="2023-09-09T10:24:16 IST">
  <testcase classname="org.obs.testngbasics.HomePageTest" name="verifySubscriberMessage" time="0.353">
    <failure type="java.lang.AssertionError" message="Email Subscription is failed expected [Thank you for signing up! A verification email has been sent. We appreciate your interest.] but found []">
      <![CDATA[java.lang.AssertionError: Email Subscription is failed expected [Thank you for signing up! A verification email has been sent. We appreciate your interest.] but found []
at org.obs.testngbasics.HomePageTest.verifySubscriberMessage(HomePageTest.java:23)
at java.base/java.util.ArrayList.forEach(ArrayList.java:1541)
at com.intellij.rt.testng.IDEARemoteTestNG.run(IDEARemoteTestNG.java:66)
at com.intellij.rt.testng.RemoteTestNGStarter.main(RemoteTestNGStarter.java:105)
... Removed 29 stack frames]]>
    </failure>
  </testcase> <!-- verifySubscriberMessage -->
  <testcase classname="org.obs.testngbasics.LoginPageTest" name="verifyUserLogin" time="3.05"/>
  <testcase classname="org.obs.testngbasics.RegisterPageTest" name="verifyUserRegistration" time="5.458"/>
  <testcase classname="org.obs.testngbasics.HomePageTest" name="verifyHomePageTitle" time="0.0">
    <ignored/>
  </testcase> <!-- verifyHomePageTitle -->
  <testcase classname="org.obs.testngbasics.LoginPageTest" name="verifyLoginPageTitle" time="0.0">
    <ignored/>
  </testcase> <!-- verifyLoginPageTitle -->
  <testcase classname="org.obs.testngbasics.RegisterPageTest" name="verifyRegisterPageTitle" time="0.0">
    <ignored/>
  </testcase> <!-- verifyRegisterPageTitle -->
</testsuite> <!-- functional test  -->
