<!DOCTYPE html PUBLIC "-//W3C//DTD XHTML 1.1//EN" "https://www.w3.org/TR/xhtml11/DTD/xhtml11.dtd">
<html xmlns="https://www.w3.org/1999/xhtml">
<head>
<meta http-equiv="content-type" content="text/html; charset=UTF-8"/>
<title>TestNG Report</title>
<style type="text/css">table {margin-bottom:10px;border-collapse:collapse;empty-cells:show}th,td {border:1px solid #009;padding:.25em .5em}th {vertical-align:bottom}td {vertical-align:top}table a {font-weight:bold}.stripe td {background-color: #E6EBF9}.num {text-align:right}.passedodd td {background-color: #3F3}.passedeven td {background-color: #0A0}.skippedodd td {background-color: #DDD}.skippedeven td {background-color: #CCC}.failedodd td,.attn {background-color: #F33}.failedeven td,.stripe .attn {background-color: #D00}.stacktrace {white-space:pre;font-family:monospace}.totop {font-size:85%;text-align:center;border-bottom:2px solid #000}.invisible {display:none}</style>
</head>
<body>
<table>
<tr><th>Test</th><th># Passed</th><th># Skipped</th><th># Retried</th><th># Failed</th><th>Time (ms)</th><th>Included Groups</th><th>Excluded Groups</th></tr>
<tr><th colspan="8">Regression Suite</th></tr>
<tr><td><a href="#t0">Non-functional test </a></td><td class="num">0</td><td class="num attn">3</td><td class="num">0</td><td class="num">0</td><td class="num">111</td><td></td><td></td></tr>
<tr class="stripe"><td><a href="#t1">functional test </a></td><td class="num">0</td><td class="num attn">3</td><td class="num">0</td><td class="num">0</td><td class="num">27</td><td></td><td></td></tr>
<tr><th>Total</th><th class="num">0</th><th class="num attn">6</th><th class="num">0</th><th class="num">0</th><th class="num">138</th><th colspan="2"></th></tr>
</table>
<table id='summary'><thead><tr><th>Class</th><th>Method</th><th>Start</th><th>Time (ms)</th></tr></thead><tbody><tr><th colspan="4">Regression Suite</th></tr></tbody><tbody id="t0"><tr><th colspan="4">Non-functional test  &#8212; failed (configuration methods)</th></tr><tr class="failedeven"><td rowspan="1">org.obs.testngbasics.HomePageTest</td><td><a href="#m0">setUp</a></td><td rowspan="1">1694518466806</td><td rowspan="1">-1694518466806</td></tr><tr class="failedodd"><td rowspan="1">org.obs.testngbasics.LoginPageTest</td><td><a href="#m1">setUp</a></td><td rowspan="1">1694518466841</td><td rowspan="1">-1694518466841</td></tr><tr class="failedeven"><td rowspan="1">org.obs.testngbasics.RegisterPageTest</td><td><a href="#m2">setUp</a></td><td rowspan="1">1694518466853</td><td rowspan="1">-1694518466853</td></tr><tr><th colspan="4">Non-functional test  &#8212; skipped (configuration methods)</th></tr><tr class="skippedeven"><td rowspan="2">org.obs.testngbasics.HomePageTest</td><td><a href="#m3">dropTestTable</a></td><td rowspan="1">1694518466835</td><td rowspan="1">0</td></tr><tr class="skippedeven"><td><a href="#m4">tearDown</a></td><td rowspan="1">1694518466831</td><td rowspan="1">0</td></tr><tr class="skippedodd"><td rowspan="2">org.obs.testngbasics.LoginPageTest</td><td><a href="#m5">dropTestTable</a></td><td rowspan="1">1694518466847</td><td rowspan="1">0</td></tr><tr class="skippedodd"><td><a href="#m6">tearDown</a></td><td rowspan="1">1694518466845</td><td rowspan="1">0</td></tr><tr class="skippedeven"><td rowspan="2">org.obs.testngbasics.RegisterPageTest</td><td><a href="#m7">dropTestTable</a></td><td rowspan="1">1694518466858</td><td rowspan="1">0</td></tr><tr class="skippedeven"><td><a href="#m8">tearDown</a></td><td rowspan="1">1694518466857</td><td rowspan="1">0</td></tr><tr><th colspan="4">Non-functional test  &#8212; skipped</th></tr><tr class="skippedeven"><td rowspan="1">org.obs.testngbasics.HomePageTest</td><td><a href="#m9">verifyHomePageTitle</a></td><td rowspan="1">1694518466830</td><td rowspan="1">0</td></tr><tr class="skippedodd"><td rowspan="1">org.obs.testngbasics.LoginPageTest</td><td><a href="#m10">verifyLoginPageTitle</a></td><td rowspan="1">1694518466843</td><td rowspan="1">1</td></tr><tr class="skippedeven"><td rowspan="1">org.obs.testngbasics.RegisterPageTest</td><td><a href="#m11">verifyRegisterPageTitle</a></td><td rowspan="1">1694518466855</td><td rowspan="1">1</td></tr></tbody>
<tbody id="t1"><tr><th colspan="4">functional test  &#8212; failed (configuration methods)</th></tr><tr class="failedeven"><td rowspan="1">org.obs.testngbasics.HomePageTest</td><td><a href="#m12">setUp</a></td><td rowspan="1">1694518466969</td><td rowspan="1">-1694518466969</td></tr><tr class="failedodd"><td rowspan="1">org.obs.testngbasics.LoginPageTest</td><td><a href="#m13">setUp</a></td><td rowspan="1">1694518466979</td><td rowspan="1">-1694518466979</td></tr><tr class="failedeven"><td rowspan="1">org.obs.testngbasics.RegisterPageTest</td><td><a href="#m14">setUp</a></td><td rowspan="1">1694518466986</td><td rowspan="1">-1694518466986</td></tr><tr><th colspan="4">functional test  &#8212; skipped (configuration methods)</th></tr><tr class="skippedeven"><td rowspan="2">org.obs.testngbasics.HomePageTest</td><td><a href="#m15">dropTestTable</a></td><td rowspan="1">1694518466976</td><td rowspan="1">0</td></tr><tr class="skippedeven"><td><a href="#m16">tearDown</a></td><td rowspan="1">1694518466975</td><td rowspan="1">0</td></tr><tr class="skippedodd"><td rowspan="2">org.obs.testngbasics.LoginPageTest</td><td><a href="#m17">dropTestTable</a></td><td rowspan="1">1694518466983</td><td rowspan="1">0</td></tr><tr class="skippedodd"><td><a href="#m18">tearDown</a></td><td rowspan="1">1694518466982</td><td rowspan="1">0</td></tr><tr class="skippedeven"><td rowspan="2">org.obs.testngbasics.RegisterPageTest</td><td><a href="#m19">dropTestTable</a></td><td rowspan="1">1694518466989</td><td rowspan="1">0</td></tr><tr class="skippedeven"><td><a href="#m20">tearDown</a></td><td rowspan="1">1694518466988</td><td rowspan="1">0</td></tr><tr><th colspan="4">functional test  &#8212; skipped</th></tr><tr class="skippedeven"><td rowspan="1">org.obs.testngbasics.HomePageTest</td><td><a href="#m21">verifySubscriberMessage</a></td><td rowspan="1">1694518466974</td><td rowspan="1">0</td></tr><tr class="skippedodd"><td rowspan="1">org.obs.testngbasics.LoginPageTest</td><td><a href="#m22">verifyUserLogin</a></td><td rowspan="1">1694518466981</td><td rowspan="1">0</td></tr><tr class="skippedeven"><td rowspan="1">org.obs.testngbasics.RegisterPageTest</td><td><a href="#m23">verifyUserRegistration</a></td><td rowspan="1">1694518466987</td><td rowspan="1">0</td></tr></tbody>
</table>
<h2>Non-functional test </h2><h3 id="m0">org.obs.testngbasics.HomePageTest#setUp</h3><table class="result"><tr><th>Exception</th></tr><tr><td><div class="stacktrace">org.testng.TestNGException: 
Parameter &apos;browser&apos; is required by BeforeMethod on method setUp but has not been marked @Optional or defined
in C:\Users\muham\IdeaProjects\seleniumcomments\basictestng.xml
	at java.base/java.util.ArrayList.forEach(ArrayList.java:1541)
	at com.intellij.rt.testng.IDEARemoteTestNG.run(IDEARemoteTestNG.java:66)
	at com.intellij.rt.testng.RemoteTestNGStarter.main(RemoteTestNGStarter.java:105)
... Removed 25 stack frames</div></td></tr></table><p class="totop"><a href="#summary">back to summary</a></p>
<h3 id="m1">org.obs.testngbasics.LoginPageTest#setUp</h3><table class="result"><tr><th>Exception</th></tr><tr><td><div class="stacktrace">org.testng.TestNGException: 
Parameter &apos;browser&apos; is required by BeforeMethod on method setUp but has not been marked @Optional or defined
in C:\Users\muham\IdeaProjects\seleniumcomments\basictestng.xml
	at java.base/java.util.ArrayList.forEach(ArrayList.java:1541)
	at com.intellij.rt.testng.IDEARemoteTestNG.run(IDEARemoteTestNG.java:66)
	at com.intellij.rt.testng.RemoteTestNGStarter.main(RemoteTestNGStarter.java:105)
... Removed 25 stack frames</div></td></tr></table><p class="totop"><a href="#summary">back to summary</a></p>
<h3 id="m2">org.obs.testngbasics.RegisterPageTest#setUp</h3><table class="result"><tr><th>Exception</th></tr><tr><td><div class="stacktrace">org.testng.TestNGException: 
Parameter &apos;browser&apos; is required by BeforeMethod on method setUp but has not been marked @Optional or defined
in C:\Users\muham\IdeaProjects\seleniumcomments\basictestng.xml
	at java.base/java.util.ArrayList.forEach(ArrayList.java:1541)
	at com.intellij.rt.testng.IDEARemoteTestNG.run(IDEARemoteTestNG.java:66)
	at com.intellij.rt.testng.RemoteTestNGStarter.main(RemoteTestNGStarter.java:105)
... Removed 25 stack frames</div></td></tr></table><p class="totop"><a href="#summary">back to summary</a></p>
<h3 id="m3">org.obs.testngbasics.HomePageTest#dropTestTable</h3><table class="result"><tr><th class="invisible"/></tr></table><p class="totop"><a href="#summary">back to summary</a></p>
<h3 id="m4">org.obs.testngbasics.HomePageTest#tearDown</h3><table class="result"><tr><th class="invisible"/></tr></table><p class="totop"><a href="#summary">back to summary</a></p>
<h3 id="m5">org.obs.testngbasics.LoginPageTest#dropTestTable</h3><table class="result"><tr><th class="invisible"/></tr></table><p class="totop"><a href="#summary">back to summary</a></p>
<h3 id="m6">org.obs.testngbasics.LoginPageTest#tearDown</h3><table class="result"><tr><th class="invisible"/></tr></table><p class="totop"><a href="#summary">back to summary</a></p>
<h3 id="m7">org.obs.testngbasics.RegisterPageTest#dropTestTable</h3><table class="result"><tr><th class="invisible"/></tr></table><p class="totop"><a href="#summary">back to summary</a></p>
<h3 id="m8">org.obs.testngbasics.RegisterPageTest#tearDown</h3><table class="result"><tr><th class="invisible"/></tr></table><p class="totop"><a href="#summary">back to summary</a></p>
<h3 id="m9">org.obs.testngbasics.HomePageTest#verifyHomePageTitle</h3><table class="result"><tr><th>Exception</th></tr><tr><td><div class="stacktrace">org.testng.TestNGException: 
Parameter &apos;browser&apos; is required by BeforeMethod on method setUp but has not been marked @Optional or defined
in C:\Users\muham\IdeaProjects\seleniumcomments\basictestng.xml
	at java.base/java.util.ArrayList.forEach(ArrayList.java:1541)
	at com.intellij.rt.testng.IDEARemoteTestNG.run(IDEARemoteTestNG.java:66)
	at com.intellij.rt.testng.RemoteTestNGStarter.main(RemoteTestNGStarter.java:105)
... Removed 25 stack frames</div></td></tr></table><p class="totop"><a href="#summary">back to summary</a></p>
<h3 id="m10">org.obs.testngbasics.LoginPageTest#verifyLoginPageTitle</h3><table class="result"><tr><th>Exception</th></tr><tr><td><div class="stacktrace">org.testng.TestNGException: 
Parameter &apos;browser&apos; is required by BeforeMethod on method setUp but has not been marked @Optional or defined
in C:\Users\muham\IdeaProjects\seleniumcomments\basictestng.xml
	at java.base/java.util.ArrayList.forEach(ArrayList.java:1541)
	at com.intellij.rt.testng.IDEARemoteTestNG.run(IDEARemoteTestNG.java:66)
	at com.intellij.rt.testng.RemoteTestNGStarter.main(RemoteTestNGStarter.java:105)
... Removed 25 stack frames</div></td></tr></table><p class="totop"><a href="#summary">back to summary</a></p>
<h3 id="m11">org.obs.testngbasics.RegisterPageTest#verifyRegisterPageTitle</h3><table class="result"><tr><th>Exception</th></tr><tr><td><div class="stacktrace">org.testng.TestNGException: 
Parameter &apos;browser&apos; is required by BeforeMethod on method setUp but has not been marked @Optional or defined
in C:\Users\muham\IdeaProjects\seleniumcomments\basictestng.xml
	at java.base/java.util.ArrayList.forEach(ArrayList.java:1541)
	at com.intellij.rt.testng.IDEARemoteTestNG.run(IDEARemoteTestNG.java:66)
	at com.intellij.rt.testng.RemoteTestNGStarter.main(RemoteTestNGStarter.java:105)
... Removed 25 stack frames</div></td></tr></table><p class="totop"><a href="#summary">back to summary</a></p>
<h2>functional test </h2><h3 id="m12">org.obs.testngbasics.HomePageTest#setUp</h3><table class="result"><tr><th>Exception</th></tr><tr><td><div class="stacktrace">org.testng.TestNGException: 
Parameter &apos;browser&apos; is required by BeforeMethod on method setUp but has not been marked @Optional or defined
in C:\Users\muham\IdeaProjects\seleniumcomments\basictestng.xml
	at java.base/java.util.ArrayList.forEach(ArrayList.java:1541)
	at com.intellij.rt.testng.IDEARemoteTestNG.run(IDEARemoteTestNG.java:66)
	at com.intellij.rt.testng.RemoteTestNGStarter.main(RemoteTestNGStarter.java:105)
... Removed 25 stack frames</div></td></tr></table><p class="totop"><a href="#summary">back to summary</a></p>
<h3 id="m13">org.obs.testngbasics.LoginPageTest#setUp</h3><table class="result"><tr><th>Exception</th></tr><tr><td><div class="stacktrace">org.testng.TestNGException: 
Parameter &apos;browser&apos; is required by BeforeMethod on method setUp but has not been marked @Optional or defined
in C:\Users\muham\IdeaProjects\seleniumcomments\basictestng.xml
	at java.base/java.util.ArrayList.forEach(ArrayList.java:1541)
	at com.intellij.rt.testng.IDEARemoteTestNG.run(IDEARemoteTestNG.java:66)
	at com.intellij.rt.testng.RemoteTestNGStarter.main(RemoteTestNGStarter.java:105)
... Removed 25 stack frames</div></td></tr></table><p class="totop"><a href="#summary">back to summary</a></p>
<h3 id="m14">org.obs.testngbasics.RegisterPageTest#setUp</h3><table class="result"><tr><th>Exception</th></tr><tr><td><div class="stacktrace">org.testng.TestNGException: 
Parameter &apos;browser&apos; is required by BeforeMethod on method setUp but has not been marked @Optional or defined
in C:\Users\muham\IdeaProjects\seleniumcomments\basictestng.xml
	at java.base/java.util.ArrayList.forEach(ArrayList.java:1541)
	at com.intellij.rt.testng.IDEARemoteTestNG.run(IDEARemoteTestNG.java:66)
	at com.intellij.rt.testng.RemoteTestNGStarter.main(RemoteTestNGStarter.java:105)
... Removed 25 stack frames</div></td></tr></table><p class="totop"><a href="#summary">back to summary</a></p>
<h3 id="m15">org.obs.testngbasics.HomePageTest#dropTestTable</h3><table class="result"><tr><th class="invisible"/></tr></table><p class="totop"><a href="#summary">back to summary</a></p>
<h3 id="m16">org.obs.testngbasics.HomePageTest#tearDown</h3><table class="result"><tr><th class="invisible"/></tr></table><p class="totop"><a href="#summary">back to summary</a></p>
<h3 id="m17">org.obs.testngbasics.LoginPageTest#dropTestTable</h3><table class="result"><tr><th class="invisible"/></tr></table><p class="totop"><a href="#summary">back to summary</a></p>
<h3 id="m18">org.obs.testngbasics.LoginPageTest#tearDown</h3><table class="result"><tr><th class="invisible"/></tr></table><p class="totop"><a href="#summary">back to summary</a></p>
<h3 id="m19">org.obs.testngbasics.RegisterPageTest#dropTestTable</h3><table class="result"><tr><th class="invisible"/></tr></table><p class="totop"><a href="#summary">back to summary</a></p>
<h3 id="m20">org.obs.testngbasics.RegisterPageTest#tearDown</h3><table class="result"><tr><th class="invisible"/></tr></table><p class="totop"><a href="#summary">back to summary</a></p>
<h3 id="m21">org.obs.testngbasics.HomePageTest#verifySubscriberMessage</h3><table class="result"><tr><th>Exception</th></tr><tr><td><div class="stacktrace">org.testng.TestNGException: 
Parameter &apos;browser&apos; is required by BeforeMethod on method setUp but has not been marked @Optional or defined
in C:\Users\muham\IdeaProjects\seleniumcomments\basictestng.xml
	at java.base/java.util.ArrayList.forEach(ArrayList.java:1541)
	at com.intellij.rt.testng.IDEARemoteTestNG.run(IDEARemoteTestNG.java:66)
	at com.intellij.rt.testng.RemoteTestNGStarter.main(RemoteTestNGStarter.java:105)
... Removed 25 stack frames</div></td></tr></table><p class="totop"><a href="#summary">back to summary</a></p>
<h3 id="m22">org.obs.testngbasics.LoginPageTest#verifyUserLogin</h3><table class="result"><tr><th>Exception</th></tr><tr><td><div class="stacktrace">org.testng.TestNGException: 
Parameter &apos;browser&apos; is required by BeforeMethod on method setUp but has not been marked @Optional or defined
in C:\Users\muham\IdeaProjects\seleniumcomments\basictestng.xml
	at java.base/java.util.ArrayList.forEach(ArrayList.java:1541)
	at com.intellij.rt.testng.IDEARemoteTestNG.run(IDEARemoteTestNG.java:66)
	at com.intellij.rt.testng.RemoteTestNGStarter.main(RemoteTestNGStarter.java:105)
... Removed 25 stack frames</div></td></tr></table><p class="totop"><a href="#summary">back to summary</a></p>
<h3 id="m23">org.obs.testngbasics.RegisterPageTest#verifyUserRegistration</h3><table class="result"><tr><th>Exception</th></tr><tr><td><div class="stacktrace">org.testng.TestNGException: 
Parameter &apos;browser&apos; is required by BeforeMethod on method setUp but has not been marked @Optional or defined
in C:\Users\muham\IdeaProjects\seleniumcomments\basictestng.xml
	at java.base/java.util.ArrayList.forEach(ArrayList.java:1541)
	at com.intellij.rt.testng.IDEARemoteTestNG.run(IDEARemoteTestNG.java:66)
	at com.intellij.rt.testng.RemoteTestNGStarter.main(RemoteTestNGStarter.java:105)
... Removed 25 stack frames</div></td></tr></table><p class="totop"><a href="#summary">back to summary</a></p>
</body>
</html>
